<?xml version="1.0" encoding="UTF-8"?>
<!-- Generated by org.testng.reporters.JUnitXMLReporter -->
<testsuite ignored="0" hostname="LAPTOP-820ERDM2" failures="0" tests="6" name="Test" time="74.244" errors="0" timestamp="2022-10-07T18:24:47 IST">
  <testcase classname="test.TestNGmobileshoping" name="test1mobileclick" time="20.085"/>
  <testcase classname="test.TestNGmobileshoping" name="movetoelectronics" time="5.808"/>
  <testcase classname="test.TestNGmobileshoping" name="clicksmartphone" time="8.204"/>
  <testcase classname="test.TestNGmobileshoping" name="clicksmphone" time="16.893"/>
  <testcase classname="test.TestnGG" name="test1" time="3.478"/>
  <testcase classname="test.TestnGG" name="test2" time="1.529"/>
</testsuite> <!-- Test -->
